Determining if the pthread_create exist failed with the following output:
Change Dir: /home/tanlingjen/catkin-ws-amcl/build/CMakeFiles/CMakeTmp

Run Build Command:"/usr/bin/make" "cmTC_3b42a/fast"
/usr/bin/make -f CMakeFiles/cmTC_3b42a.dir/build.make CMakeFiles/cmTC_3b42a.dir/build
make[1]: Entering directory '/home/tanlingjen/catkin-ws-amcl/build/CMakeFiles/CMakeTmp'
Building C object CMakeFiles/cmTC_3b42a.dir/CheckSymbolExists.c.o
/usr/bin/cc    -o CMakeFiles/cmTC_3b42a.dir/CheckSymbolExists.c.o   -c /home/tanlingjen/catkin-ws-amcl/build/CMakeFiles/CMakeTmp/CheckSymbolExists.c
Linking C executable cmTC_3b42a
/usr/bin/cmake -E cmake_link_script CMakeFiles/cmTC_3b42a.dir/link.txt --verbose=1
/usr/bin/cc      -rdynamic CMakeFiles/cmTC_3b42a.dir/CheckSymbolExists.c.o  -o cmTC_3b42a 
CMakeFiles/cmTC_3b42a.dir/CheckSymbolExists.c.o: In function `main':
CheckSymbolExists.c:(.text+0x1b): undefined reference to `pthread_create'
collect2: error: ld returned 1 exit status
CMakeFiles/cmTC_3b42a.dir/build.make:97: recipe for target 'cmTC_3b42a' failed
make[1]: *** [cmTC_3b42a] Error 1
make[1]: Leaving directory '/home/tanlingjen/catkin-ws-amcl/build/CMakeFiles/CMakeTmp'
Makefile:126: recipe for target 'cmTC_3b42a/fast' failed
make: *** [cmTC_3b42a/fast] Error 2

File /home/tanlingjen/catkin-ws-amcl/build/CMakeFiles/CMakeTmp/CheckSymbolExists.c:
/* */
#include <pthread.h>

int main(int argc, char** argv)
{
  (void)argv;
#ifndef pthread_create
  return ((int*)(&pthread_create))[argc];
#else
  (void)argc;
  return 0;
#endif
}

Determining if the function pthread_create exists in the pthreads failed with the following output:
Change Dir: /home/tanlingjen/catkin-ws-amcl/build/CMakeFiles/CMakeTmp

Run Build Command:"/usr/bin/make" "cmTC_03ccd/fast"
/usr/bin/make -f CMakeFiles/cmTC_03ccd.dir/build.make CMakeFiles/cmTC_03ccd.dir/build
make[1]: Entering directory '/home/tanlingjen/catkin-ws-amcl/build/CMakeFiles/CMakeTmp'
Building C object CMakeFiles/cmTC_03ccd.dir/CheckFunctionExists.c.o
/usr/bin/cc   -DCHECK_FUNCTION_EXISTS=pthread_create   -o CMakeFiles/cmTC_03ccd.dir/CheckFunctionExists.c.o   -c /usr/share/cmake-3.10/Modules/CheckFunctionExists.c
Linking C executable cmTC_03ccd
/usr/bin/cmake -E cmake_link_script CMakeFiles/cmTC_03ccd.dir/link.txt --verbose=1
/usr/bin/cc  -DCHECK_FUNCTION_EXISTS=pthread_create    -rdynamic CMakeFiles/cmTC_03ccd.dir/CheckFunctionExists.c.o  -o cmTC_03ccd -lpthreads 
/usr/bin/ld: cannot find -lpthreads
collect2: error: ld returned 1 exit status
CMakeFiles/cmTC_03ccd.dir/build.make:97: recipe for target 'cmTC_03ccd' failed
make[1]: *** [cmTC_03ccd] Error 1
make[1]: Leaving directory '/home/tanlingjen/catkin-ws-amcl/build/CMakeFiles/CMakeTmp'
Makefile:126: recipe for target 'cmTC_03ccd/fast' failed
make: *** [cmTC_03ccd/fast] Error 2


